# JRE version: Java(TM) SE Runtime Environment (8.0_144-b01) (build 1.8.0_144-b01)
# Java VM: Java HotSpot(TM) 64-Bit Server VM (25.144-b01 mixed mode windows-amd64 compressed oops)
Heap:
 PSYoungGen      total 282112K, used 83829K [0x00000000d5f00000, 0x00000000fb000000, 0x0000000100000000)
  eden space 266240K, 31% used [0x00000000d5f00000,0x00000000db0dd538,0x00000000e6300000)
  from space 15872K, 0% used [0x00000000e6300000,0x00000000e6300000,0x00000000e7280000)
  to   space 37376K, 0% used [0x00000000f8b80000,0x00000000f8b80000,0x00000000fb000000)
 ParOldGen       total 151552K, used 71357K [0x0000000081c00000, 0x000000008b000000, 0x00000000d5f00000)
  object space 151552K, 47% used [0x0000000081c00000,0x00000000861af458,0x000000008b000000)
 Metaspace       used 17046K, capacity 17614K, committed 17792K, reserved 1064960K
  class space    used 2191K, capacity 2346K, committed 2432K, reserved 1048576K
GC Heap History (10 events):
Event: 2.033 GC heap before
{Heap before GC invocations=4 (full 0):
 PSYoungGen      total 71680K, used 71671K [0x00000000d5f00000, 0x00000000deb00000, 0x0000000100000000)
  eden space 66560K, 99% used [0x00000000d5f00000,0x00000000d9ffef38,0x00000000da000000)
  from space 5120K, 99% used [0x00000000da000000,0x00000000da4ff030,0x00000000da500000)
  to   space 5120K, 0% used [0x00000000de600000,0x00000000de600000,0x00000000deb00000)
 ParOldGen       total 87552K, used 16650K [0x0000000081c00000, 0x0000000087180000, 0x00000000d5f00000)
  object space 87552K, 19% used [0x0000000081c00000,0x0000000082c42858,0x0000000087180000)
 Metaspace       used 16469K, capacity 17006K, committed 17152K, reserved 1064960K
  class space    used 2112K, capacity 2252K, committed 2304K, reserved 1048576K
Event: 2.048 GC heap after
Heap after GC invocations=4 (full 0):
 PSYoungGen      total 138240K, used 5096K [0x00000000d5f00000, 0x00000000deb00000, 0x0000000100000000)
  eden space 133120K, 0% used [0x00000000d5f00000,0x00000000d5f00000,0x00000000de100000)
  from space 5120K, 99% used [0x00000000de600000,0x00000000deafa038,0x00000000deb00000)
  to   space 5120K, 0% used [0x00000000de100000,0x00000000de100000,0x00000000de600000)
 ParOldGen       total 87552K, used 21778K [0x0000000081c00000, 0x0000000087180000, 0x00000000d5f00000)
  object space 87552K, 24% used [0x0000000081c00000,0x0000000083144950,0x0000000087180000)
 Metaspace       used 16469K, capacity 17006K, committed 17152K, reserved 1064960K
  class space    used 2112K, capacity 2252K, committed 2304K, reserved 1048576K
}
Event: 2.104 GC heap before
{Heap before GC invocations=5 (full 0):
 PSYoungGen      total 138240K, used 138079K [0x00000000d5f00000, 0x00000000deb00000, 0x0000000100000000)
  eden space 133120K, 99% used [0x00000000d5f00000,0x00000000de0dde40,0x00000000de100000)
  from space 5120K, 99% used [0x00000000de600000,0x00000000deafa038,0x00000000deb00000)
  to   space 5120K, 0% used [0x00000000de100000,0x00000000de100000,0x00000000de600000)
 ParOldGen       total 87552K, used 21778K [0x0000000081c00000, 0x0000000087180000, 0x00000000d5f00000)
  object space 87552K, 24% used [0x0000000081c00000,0x0000000083144950,0x0000000087180000)
 Metaspace       used 16475K, capacity 17006K, committed 17152K, reserved 1064960K
  class space    used 2112K, capacity 2252K, committed 2304K, reserved 1048576K
Event: 2.116 GC heap after
Heap after GC invocations=5 (full 0):
 PSYoungGen      total 138240K, used 5095K [0x00000000d5f00000, 0x00000000e8500000, 0x0000000100000000)
  eden space 133120K, 0% used [0x00000000d5f00000,0x00000000d5f00000,0x00000000de100000)
  from space 5120K, 99% used [0x00000000de100000,0x00000000de5f9e40,0x00000000de600000)
  to   space 17408K, 0% used [0x00000000e7400000,0x00000000e7400000,0x00000000e8500000)
 ParOldGen       total 87552K, used 23034K [0x0000000081c00000, 0x0000000087180000, 0x00000000d5f00000)
  object space 87552K, 26% used [0x0000000081c00000,0x000000008327e950,0x0000000087180000)
 Metaspace       used 16475K, capacity 17006K, committed 17152K, reserved 1064960K
  class space    used 2112K, capacity 2252K, committed 2304K, reserved 1048576K
}
Event: 2.318 GC heap before
{Heap before GC invocations=6 (full 0):
 PSYoungGen      total 138240K, used 138215K [0x00000000d5f00000, 0x00000000e8500000, 0x0000000100000000)
  eden space 133120K, 100% used [0x00000000d5f00000,0x00000000de100000,0x00000000de100000)
  from space 5120K, 99% used [0x00000000de100000,0x00000000de5f9e40,0x00000000de600000)
  to   space 17408K, 0% used [0x00000000e7400000,0x00000000e7400000,0x00000000e8500000)
 ParOldGen       total 87552K, used 23034K [0x0000000081c00000, 0x0000000087180000, 0x00000000d5f00000)
  object space 87552K, 26% used [0x0000000081c00000,0x000000008327e950,0x0000000087180000)
 Metaspace       used 16890K, capacity 17480K, committed 17792K, reserved 1064960K
  class space    used 2163K, capacity 2323K, committed 2432K, reserved 1048576K
Event: 2.333 GC heap after
Heap after GC invocations=6 (full 0):
 PSYoungGen      total 280576K, used 9712K [0x00000000d5f00000, 0x00000000e8200000, 0x0000000100000000)
  eden space 266240K, 0% used [0x00000000d5f00000,0x00000000d5f00000,0x00000000e6300000)
  from space 14336K, 67% used [0x00000000e7400000,0x00000000e7d7c028,0x00000000e8200000)
  to   space 15872K, 0% used [0x00000000e6300000,0x00000000e6300000,0x00000000e7280000)
 ParOldGen       total 87552K, used 23042K [0x0000000081c00000, 0x0000000087180000, 0x00000000d5f00000)
  object space 87552K, 26% used [0x0000000081c00000,0x0000000083280950,0x0000000087180000)
 Metaspace       used 16890K, capacity 17480K, committed 17792K, reserved 1064960K
  class space    used 2163K, capacity 2323K, committed 2432K, reserved 1048576K
}
Event: 3.626 GC heap before
{Heap before GC invocations=7 (full 0):
 PSYoungGen      total 280576K, used 275952K [0x00000000d5f00000, 0x00000000e8200000, 0x0000000100000000)
  eden space 266240K, 100% used [0x00000000d5f00000,0x00000000e6300000,0x00000000e6300000)
  from space 14336K, 67% used [0x00000000e7400000,0x00000000e7d7c028,0x00000000e8200000)
  to   space 15872K, 0% used [0x00000000e6300000,0x00000000e6300000,0x00000000e7280000)
 ParOldGen       total 87552K, used 23042K [0x0000000081c00000, 0x0000000087180000, 0x00000000d5f00000)
  object space 87552K, 26% used [0x0000000081c00000,0x0000000083280950,0x0000000087180000)
 Metaspace       used 16934K, capacity 17488K, committed 17792K, reserved 1064960K
  class space    used 2165K, capacity 2323K, committed 2432K, reserved 1048576K
Event: 3.704 GC heap after
Heap after GC invocations=7 (full 0):
 PSYoungGen      total 282112K, used 15870K [0x00000000d5f00000, 0x00000000fb000000, 0x0000000100000000)
  eden space 266240K, 0% used [0x00000000d5f00000,0x00000000d5f00000,0x00000000e6300000)
  from space 15872K, 99% used [0x00000000e6300000,0x00000000e727f998,0x00000000e7280000)
  to   space 37376K, 0% used [0x00000000f8b80000,0x00000000f8b80000,0x00000000fb000000)
 ParOldGen       total 87552K, used 60800K [0x0000000081c00000, 0x0000000087180000, 0x00000000d5f00000)
  object space 87552K, 69% used [0x0000000081c00000,0x0000000085760270,0x0000000087180000)
 Metaspace       used 16934K, capacity 17488K, committed 17792K, reserved 1064960K
  class space    used 2165K, capacity 2323K, committed 2432K, reserved 1048576K
}
Event: 3.704 GC heap before
{Heap before GC invocations=8 (full 1):
 PSYoungGen      total 282112K, used 15870K [0x00000000d5f00000, 0x00000000fb000000, 0x0000000100000000)
  eden space 266240K, 0% used [0x00000000d5f00000,0x00000000d5f00000,0x00000000e6300000)
  from space 15872K, 99% used [0x00000000e6300000,0x00000000e727f998,0x00000000e7280000)
  to   space 37376K, 0% used [0x00000000f8b80000,0x00000000f8b80000,0x00000000fb000000)
 ParOldGen       total 87552K, used 60800K [0x0000000081c00000, 0x0000000087180000, 0x00000000d5f00000)
  object space 87552K, 69% used [0x0000000081c00000,0x0000000085760270,0x0000000087180000)
 Metaspace       used 16934K, capacity 17488K, committed 17792K, reserved 1064960K
  class space    used 2165K, capacity 2323K, committed 2432K, reserved 1048576K
Event: 4.069 GC heap after
Heap after GC invocations=8 (full 1):
 PSYoungGen      total 282112K, used 0K [0x00000000d5f00000, 0x00000000fb000000, 0x0000000100000000)
  eden space 266240K, 0% used [0x00000000d5f00000,0x00000000d5f00000,0x00000000e6300000)
  from space 15872K, 0% used [0x00000000e6300000,0x00000000e6300000,0x00000000e7280000)
  to   space 37376K, 0% used [0x00000000f8b80000,0x00000000f8b80000,0x00000000fb000000)
 ParOldGen       total 151552K, used 71357K [0x0000000081c00000, 0x000000008b000000, 0x00000000d5f00000)
  object space 151552K, 47% used [0x0000000081c00000,0x00000000861af458,0x000000008b000000)
 Metaspace       used 16934K, capacity 17488K, committed 17792K, reserved 1064960K
  class space    used 2165K, capacity 2323K, committed 2432K, reserved 1048576K
}

